{"uid":"12a56880c0047b5d","name":"Update status order","fullName":"tests.test_order.TestOrders#test_update_order","historyId":"5b8d422d878be5817c85d36767125ff2","time":{"start":1711364455944,"stop":1711364456157,"duration":213},"status":"failed","statusMessage":"AssertionError: Error status code 400","statusTrace":"self = <test_order.TestOrders object at 0x7f257a440f20>\norder = Order(id=559, payment_key='cs_test_a1AXCdlqozplEQYwOjRmytssUUc5NanvqZEFAGIJBk8x3WrR1DxIYCyHzD', status=<Status.created: 'created'>, total_price=0)\n\n    @allure.title('Update status order')\n    def test_update_order(self, order):\n        self.update_order.update_order(order)\n>       self.update_order.check_response_is_200()\n\ntests/test_order.py:35: \n_ _ _ _ _ _ _ _ _ _ _ _ _ _ _ _ _ _ _ _ _ _ _ _ _ _ _ _ _ _ _ _ _ _ _ _ _ _ _ _ \n\nself = <endpoints.update_order.UpdateOrder object at 0x7f257ad6de20>\n\n    @allure.step('Check response is 200')\n    def check_response_is_200(self):\n>       assert self.response.status_code == 200, f'Error status code {self.response.status_code}'\nE       AssertionError: Error status code 400\n\nbase/base_api.py:19: AssertionError","flaky":false,"newFailed":false,"newBroken":false,"newPassed":false,"retriesCount":0,"retriesStatusChange":false,"beforeStages":[{"name":"_session_faker","time":{"start":1711364448145,"stop":1711364448161,"duration":16},"status":"passed","steps":[],"attachments":[],"parameters":[],"shouldDisplayMessage":false,"stepsCount":0,"attachmentsCount":0,"hasContent":false},{"name":"cursor","time":{"start":1711364453484,"stop":1711364455145,"duration":1661},"status":"passed","steps":[],"attachments":[],"parameters":[],"shouldDisplayMessage":false,"stepsCount":0,"attachmentsCount":0,"hasContent":false},{"name":"setup","time":{"start":1711364455145,"stop":1711364455146,"duration":1},"status":"passed","steps":[],"attachments":[],"parameters":[],"shouldDisplayMessage":false,"stepsCount":0,"attachmentsCount":0,"hasContent":false},{"name":"order","time":{"start":1711364455146,"stop":1711364455943,"duration":797},"status":"passed","steps":[{"name":"Create order","time":{"start":1711364455146,"stop":1711364455943,"duration":797},"status":"passed","steps":[{"name":"Add json to allure report","time":{"start":1711364455943,"stop":1711364455943,"duration":0},"status":"passed","steps":[],"attachments":[{"uid":"32c073029031688d","name":"API Response","source":"32c073029031688d.json","type":"application/json","size":153}],"parameters":[],"shouldDisplayMessage":false,"stepsCount":0,"attachmentsCount":1,"hasContent":true}],"attachments":[],"parameters":[],"shouldDisplayMessage":false,"stepsCount":1,"attachmentsCount":1,"hasContent":true},{"name":"Check response is 200","time":{"start":1711364455943,"stop":1711364455943,"duration":0},"status":"passed","steps":[],"attachments":[],"parameters":[],"shouldDisplayMessage":false,"stepsCount":0,"attachmentsCount":0,"hasContent":false},{"name":"Response validation","time":{"start":1711364455943,"stop":1711364455943,"duration":0},"status":"passed","steps":[],"attachments":[],"parameters":[],"shouldDisplayMessage":false,"stepsCount":0,"attachmentsCount":0,"hasContent":false}],"attachments":[],"parameters":[],"shouldDisplayMessage":false,"stepsCount":4,"attachmentsCount":1,"hasContent":true}],"testStage":{"status":"failed","statusMessage":"AssertionError: Error status code 400","statusTrace":"self = <test_order.TestOrders object at 0x7f257a440f20>\norder = Order(id=559, payment_key='cs_test_a1AXCdlqozplEQYwOjRmytssUUc5NanvqZEFAGIJBk8x3WrR1DxIYCyHzD', status=<Status.created: 'created'>, total_price=0)\n\n    @allure.title('Update status order')\n    def test_update_order(self, order):\n        self.update_order.update_order(order)\n>       self.update_order.check_response_is_200()\n\ntests/test_order.py:35: \n_ _ _ _ _ _ _ _ _ _ _ _ _ _ _ _ _ _ _ _ _ _ _ _ _ _ _ _ _ _ _ _ _ _ _ _ _ _ _ _ \n\nself = <endpoints.update_order.UpdateOrder object at 0x7f257ad6de20>\n\n    @allure.step('Check response is 200')\n    def check_response_is_200(self):\n>       assert self.response.status_code == 200, f'Error status code {self.response.status_code}'\nE       AssertionError: Error status code 400\n\nbase/base_api.py:19: AssertionError","steps":[{"name":"Update status order","time":{"start":1711364455944,"stop":1711364456156,"duration":212},"status":"passed","steps":[{"name":"Add json to allure report","time":{"start":1711364456155,"stop":1711364456156,"duration":1},"status":"passed","steps":[],"attachments":[{"uid":"ef35946760fc8f46","name":"API Response","source":"ef35946760fc8f46.json","type":"application/json","size":215}],"parameters":[],"shouldDisplayMessage":false,"stepsCount":0,"attachmentsCount":1,"hasContent":true}],"attachments":[],"parameters":[{"name":"order","value":"Order(id=559, payment_key='cs_test_a1AXCdlqozplEQYwOjRmytssUUc5NanvqZEFAGIJBk8x3WrR1DxIYCyHzD', status=<Status.created: 'created'>, total_price=0)"}],"shouldDisplayMessage":false,"stepsCount":1,"attachmentsCount":1,"hasContent":true},{"name":"Check response is 200","time":{"start":1711364456156,"stop":1711364456156,"duration":0},"status":"failed","statusMessage":"AssertionError: Error status code 400\n","statusTrace":"  File \"/opt/hostedtoolcache/Python/3.12.2/x64/lib/python3.12/site-packages/allure_commons/_allure.py\", line 192, in impl\n    return func(*a, **kw)\n           ^^^^^^^^^^^^^^\n  File \"/home/runner/work/training_store_api_database/training_store_api_database/base/base_api.py\", line 19, in check_response_is_200\n    assert self.response.status_code == 200, f'Error status code {self.response.status_code}'\n","steps":[],"attachments":[],"parameters":[],"shouldDisplayMessage":true,"stepsCount":0,"attachmentsCount":0,"hasContent":true}],"attachments":[],"parameters":[],"shouldDisplayMessage":true,"stepsCount":3,"attachmentsCount":1,"hasContent":true},"afterStages":[{"name":"order::0","time":{"start":1711364456160,"stop":1711364456379,"duration":219},"status":"passed","steps":[{"name":"Delete order","time":{"start":1711364456160,"stop":1711364456379,"duration":219},"status":"passed","steps":[],"attachments":[],"parameters":[{"name":"order","value":"Order(id=559, payment_key='cs_test_a1AXCdlqozplEQYwOjRmytssUUc5NanvqZEFAGIJBk8x3WrR1DxIYCyHzD', status=<Status.created: 'created'>, total_price=0)"}],"shouldDisplayMessage":false,"stepsCount":0,"attachmentsCount":0,"hasContent":true}],"attachments":[],"parameters":[],"shouldDisplayMessage":false,"stepsCount":1,"attachmentsCount":0,"hasContent":true},{"name":"cursor::0","time":{"start":1711364456380,"stop":1711364456447,"duration":67},"status":"passed","steps":[],"attachments":[],"parameters":[],"shouldDisplayMessage":false,"stepsCount":0,"attachmentsCount":0,"hasContent":false}],"labels":[{"name":"feature","value":"Orders"},{"name":"parentSuite","value":"tests"},{"name":"suite","value":"test_order"},{"name":"subSuite","value":"TestOrders"},{"name":"host","value":"fv-az1433-308"},{"name":"thread","value":"1979-MainThread"},{"name":"framework","value":"pytest"},{"name":"language","value":"cpython3"},{"name":"package","value":"tests.test_order"},{"name":"resultFormat","value":"allure2"}],"parameters":[],"links":[],"hidden":false,"retry":false,"extra":{"severity":"normal","retries":[],"categories":[{"name":"Product defects","matchedStatuses":[],"flaky":false}],"history":{"statistic":{"failed":7,"broken":0,"skipped":0,"passed":0,"unknown":0,"total":7},"items":[{"uid":"8f3958ccef363415","status":"failed","statusDetails":"AssertionError: Error status code 400","time":{"start":1711295128706,"stop":1711295128958,"duration":252}},{"uid":"2e1c079356b450af","status":"failed","statusDetails":"AssertionError: Error status code 400","time":{"start":1710927638145,"stop":1710927638488,"duration":343}},{"uid":"a360d773b8324441","status":"failed","statusDetails":"AssertionError: Error status code 400","time":{"start":1710925205407,"stop":1710925205632,"duration":225}},{"uid":"37fdc99b8931b475","status":"failed","statusDetails":"AssertionError: Error status code 400","time":{"start":1710925075903,"stop":1710925076123,"duration":220}},{"uid":"c8dae54b0944bd4c","status":"failed","statusDetails":"AssertionError: Error status code 400","time":{"start":1710924491610,"stop":1710924491945,"duration":335}},{"uid":"d5333dcde0bd509","status":"failed","statusDetails":"AssertionError: Error status code 400","time":{"start":1710923973869,"stop":1710923974089,"duration":220}}]},"tags":[]},"source":"12a56880c0047b5d.json","parameterValues":[]}