{"uid":"d5333dcde0bd509","name":"Update status order","fullName":"tests.test_order.TestOrders#test_update_order","historyId":"5b8d422d878be5817c85d36767125ff2","time":{"start":1710923973869,"stop":1710923974089,"duration":220},"status":"failed","statusMessage":"AssertionError: Error status code 400","statusTrace":"self = <test_order.TestOrders object at 0x7c34532fcc80>\norder = Order(id=532, payment_key='cs_test_a16SDTgYsB0om84yJAZ5l69FFtKymT19LvyGbkTUUguGrQAL5KRcInbC6b', status=<Status.created: 'created'>, total_price=0)\n\n    @allure.title('Update status order')\n    def test_update_order(self, order):\n        self.update_order.update_order(order)\n>       self.update_order.check_response_is_200()\n\ntests/test_order.py:35: \n_ _ _ _ _ _ _ _ _ _ _ _ _ _ _ _ _ _ _ _ _ _ _ _ _ _ _ _ _ _ _ _ _ _ _ _ _ _ _ _ \n\nself = <endpoints.update_order.UpdateOrder object at 0x7c34547cfd10>\n\n    @allure.step('Check response is 200')\n    def check_response_is_200(self):\n>       assert self.response.status_code == 200, f'Error status code {self.response.status_code}'\nE       AssertionError: Error status code 400\n\nbase/base_api.py:19: AssertionError","flaky":false,"newFailed":false,"newBroken":false,"newPassed":false,"retriesCount":0,"retriesStatusChange":false,"beforeStages":[{"name":"_session_faker","time":{"start":1710923966098,"stop":1710923966114,"duration":16},"status":"passed","steps":[],"attachments":[],"parameters":[],"shouldDisplayMessage":false,"stepsCount":0,"attachmentsCount":0,"hasContent":false},{"name":"cursor","time":{"start":1710923971436,"stop":1710923973123,"duration":1687},"status":"passed","steps":[],"attachments":[],"parameters":[],"shouldDisplayMessage":false,"stepsCount":0,"attachmentsCount":0,"hasContent":false},{"name":"setup","time":{"start":1710923973123,"stop":1710923973124,"duration":1},"status":"passed","steps":[],"attachments":[],"parameters":[],"shouldDisplayMessage":false,"stepsCount":0,"attachmentsCount":0,"hasContent":false},{"name":"order","time":{"start":1710923973124,"stop":1710923973868,"duration":744},"status":"passed","steps":[{"name":"Create order","time":{"start":1710923973124,"stop":1710923973868,"duration":744},"status":"passed","steps":[{"name":"Add json to allure report","time":{"start":1710923973868,"stop":1710923973868,"duration":0},"status":"passed","steps":[],"attachments":[{"uid":"3ae03af8ffaeef78","name":"API Response","source":"3ae03af8ffaeef78.json","type":"application/json","size":153}],"parameters":[],"shouldDisplayMessage":false,"stepsCount":0,"attachmentsCount":1,"hasContent":true}],"attachments":[],"parameters":[],"shouldDisplayMessage":false,"stepsCount":1,"attachmentsCount":1,"hasContent":true},{"name":"Check response is 200","time":{"start":1710923973868,"stop":1710923973868,"duration":0},"status":"passed","steps":[],"attachments":[],"parameters":[],"shouldDisplayMessage":false,"stepsCount":0,"attachmentsCount":0,"hasContent":false},{"name":"Response validation","time":{"start":1710923973868,"stop":1710923973868,"duration":0},"status":"passed","steps":[],"attachments":[],"parameters":[],"shouldDisplayMessage":false,"stepsCount":0,"attachmentsCount":0,"hasContent":false}],"attachments":[],"parameters":[],"shouldDisplayMessage":false,"stepsCount":4,"attachmentsCount":1,"hasContent":true}],"testStage":{"status":"failed","statusMessage":"AssertionError: Error status code 400","statusTrace":"self = <test_order.TestOrders object at 0x7c34532fcc80>\norder = Order(id=532, payment_key='cs_test_a16SDTgYsB0om84yJAZ5l69FFtKymT19LvyGbkTUUguGrQAL5KRcInbC6b', status=<Status.created: 'created'>, total_price=0)\n\n    @allure.title('Update status order')\n    def test_update_order(self, order):\n        self.update_order.update_order(order)\n>       self.update_order.check_response_is_200()\n\ntests/test_order.py:35: \n_ _ _ _ _ _ _ _ _ _ _ _ _ _ _ _ _ _ _ _ _ _ _ _ _ _ _ _ _ _ _ _ _ _ _ _ _ _ _ _ \n\nself = <endpoints.update_order.UpdateOrder object at 0x7c34547cfd10>\n\n    @allure.step('Check response is 200')\n    def check_response_is_200(self):\n>       assert self.response.status_code == 200, f'Error status code {self.response.status_code}'\nE       AssertionError: Error status code 400\n\nbase/base_api.py:19: AssertionError","steps":[{"name":"Update status order","time":{"start":1710923973869,"stop":1710923974088,"duration":219},"status":"passed","steps":[{"name":"Add json to allure report","time":{"start":1710923974088,"stop":1710923974088,"duration":0},"status":"passed","steps":[],"attachments":[{"uid":"bce6126cde4cc0a2","name":"API Response","source":"bce6126cde4cc0a2.json","type":"application/json","size":215}],"parameters":[],"shouldDisplayMessage":false,"stepsCount":0,"attachmentsCount":1,"hasContent":true}],"attachments":[],"parameters":[{"name":"order","value":"Order(id=532, payment_key='cs_test_a16SDTgYsB0om84yJAZ5l69FFtKymT19LvyGbkTUUguGrQAL5KRcInbC6b', status=<Status.created: 'created'>, total_price=0)"}],"shouldDisplayMessage":false,"stepsCount":1,"attachmentsCount":1,"hasContent":true},{"name":"Check response is 200","time":{"start":1710923974088,"stop":1710923974088,"duration":0},"status":"failed","statusMessage":"AssertionError: Error status code 400\n","statusTrace":"  File \"/opt/hostedtoolcache/Python/3.12.2/x64/lib/python3.12/site-packages/allure_commons/_allure.py\", line 192, in impl\n    return func(*a, **kw)\n           ^^^^^^^^^^^^^^\n  File \"/home/runner/work/training_store_api_database/training_store_api_database/base/base_api.py\", line 19, in check_response_is_200\n    assert self.response.status_code == 200, f'Error status code {self.response.status_code}'\n","steps":[],"attachments":[],"parameters":[],"shouldDisplayMessage":true,"stepsCount":0,"attachmentsCount":0,"hasContent":true}],"attachments":[],"parameters":[],"shouldDisplayMessage":true,"stepsCount":3,"attachmentsCount":1,"hasContent":true},"afterStages":[{"name":"order::0","time":{"start":1710923974091,"stop":1710923974310,"duration":219},"status":"passed","steps":[{"name":"Delete order","time":{"start":1710923974092,"stop":1710923974310,"duration":218},"status":"passed","steps":[],"attachments":[],"parameters":[{"name":"order","value":"Order(id=532, payment_key='cs_test_a16SDTgYsB0om84yJAZ5l69FFtKymT19LvyGbkTUUguGrQAL5KRcInbC6b', status=<Status.created: 'created'>, total_price=0)"}],"shouldDisplayMessage":false,"stepsCount":0,"attachmentsCount":0,"hasContent":true}],"attachments":[],"parameters":[],"shouldDisplayMessage":false,"stepsCount":1,"attachmentsCount":0,"hasContent":true},{"name":"cursor::0","time":{"start":1710923974312,"stop":1710923974400,"duration":88},"status":"passed","steps":[],"attachments":[],"parameters":[],"shouldDisplayMessage":false,"stepsCount":0,"attachmentsCount":0,"hasContent":false}],"labels":[{"name":"feature","value":"Orders"},{"name":"parentSuite","value":"tests"},{"name":"suite","value":"test_order"},{"name":"subSuite","value":"TestOrders"},{"name":"host","value":"fv-az1118-649"},{"name":"thread","value":"2034-MainThread"},{"name":"framework","value":"pytest"},{"name":"language","value":"cpython3"},{"name":"package","value":"tests.test_order"},{"name":"resultFormat","value":"allure2"}],"parameters":[],"links":[],"hidden":false,"retry":false,"extra":{"severity":"normal","retries":[],"categories":[{"name":"Product defects","matchedStatuses":[],"flaky":false}],"tags":[]},"source":"d5333dcde0bd509.json","parameterValues":[]}